<?xml version="1.0" encoding="UTF-8"?>
<!-- Generated by org.testng.reporters.JUnitReportReporter -->
<testsuite hostname="Gaurav" name="com.DragNDrop.testcases.DroppablePageTestCases" tests="1" failures="0" timestamp="26 Apr 2017 03:36:37 GMT" time="18.816" errors="0">
  <testcase name="rechargeInitiate" time="18.816" classname="com.DragNDrop.testcases.DroppablePageTestCases"/>
</testsuite> <!-- com.DragNDrop.testcases.DroppablePageTestCases -->
