<?xml version="1.0" encoding="UTF-8"?>
<!-- Generated by org.testng.reporters.JUnitReportReporter -->
<testsuite hostname="Gaurav" name="com.Freecharge.testcases.HomePageTestCases" tests="1" failures="0" timestamp="17 Mar 2017 17:34:31 GMT" time="155.574" errors="0">
  <testcase name="verifyAllBrands" time="155.574" classname="com.Freecharge.testcases.HomePageTestCases"/>
</testsuite> <!-- com.Freecharge.testcases.HomePageTestCases -->
