<?xml version="1.0" encoding="UTF-8"?>
<!-- Generated by org.testng.reporters.JUnitReportReporter -->
<testsuite hostname="Gaurav" name="com.w3s.testcases.W3sPageTestCases" tests="1" failures="0" timestamp="26 Apr 2017 03:21:46 GMT" time="17.666" errors="0">
  <testcase name="verifyDropdownValue" time="17.666" classname="com.w3s.testcases.W3sPageTestCases"/>
</testsuite> <!-- com.w3s.testcases.W3sPageTestCases -->
