<?xml version="1.0" encoding="UTF-8"?>
<!-- Generated by org.testng.reporters.JUnitReportReporter -->
<testsuite hostname="Gaurav" name="com.DropdownSelect.testcases.DropdownPageTestCases" tests="1" failures="0" timestamp="27 Apr 2017 02:23:25 GMT" time="21.349" errors="0">
  <testcase name="rechargeInitiate" time="21.349" classname="com.DropdownSelect.testcases.DropdownPageTestCases"/>
</testsuite> <!-- com.DropdownSelect.testcases.DropdownPageTestCases -->
