<?xml version="1.0" encoding="UTF-8"?>
<!-- Generated by org.testng.reporters.JUnitReportReporter -->
<testsuite hostname="Gaurav" name="com.FileHandling.testcases.HomePageTestCases" tests="1" failures="0" timestamp="29 Apr 2017 12:51:47 GMT" time="22.606" errors="0">
  <testcase name="rechargeInitiate" time="22.606" classname="com.FileHandling.testcases.HomePageTestCases"/>
</testsuite> <!-- com.FileHandling.testcases.HomePageTestCases -->
