<?xml version="1.0" encoding="UTF-8"?>
<!-- Generated by org.testng.reporters.JUnitReportReporter -->
<testsuite hostname="Gaurav" name="com.w3s.testcases.W3sPageTestCases" tests="1" failures="0" timestamp="29 Apr 2017 16:16:38 GMT" time="24.430" errors="0">
  <testcase name="verifyDropdownValue" time="24.430" classname="com.w3s.testcases.W3sPageTestCases"/>
</testsuite> <!-- com.w3s.testcases.W3sPageTestCases -->
