<?xml version="1.0" encoding="UTF-8"?>
<!-- Generated by org.testng.reporters.JUnitReportReporter -->
<testsuite hostname="Gaurav" name="com.Freecharge.testcases.HomePageTestCases" tests="1" failures="0" timestamp="26 Apr 2017 02:51:02 GMT" time="21.934" errors="0">
  <testcase name="randomRechargeInitiate" time="21.934" classname="com.Freecharge.testcases.HomePageTestCases"/>
</testsuite> <!-- com.Freecharge.testcases.HomePageTestCases -->
