<?xml version="1.0" encoding="UTF-8"?>
<!-- Generated by org.testng.reporters.JUnitReportReporter -->
<testsuite hostname="Gaurav" name="com.Freecharge.testcases.HomePageTestCases" tests="1" failures="0" timestamp="29 Apr 2017 14:11:11 GMT" time="23.266" errors="0">
  <testcase name="selectEffectivePlan" time="23.266" classname="com.Freecharge.testcases.HomePageTestCases"/>
</testsuite> <!-- com.Freecharge.testcases.HomePageTestCases -->
