<?xml version="1.0" encoding="UTF-8"?>
<!-- Generated by org.testng.reporters.JUnitReportReporter -->
<testsuite hostname="Gaurav" name="com.Optimus.testcases.ContactUsPageTestCases" tests="1" failures="0" timestamp="29 Apr 2017 14:36:51 GMT" time="52.982" errors="0">
  <testcase name="rechargeInitiate" time="52.982" classname="com.Optimus.testcases.ContactUsPageTestCases"/>
</testsuite> <!-- com.Optimus.testcases.ContactUsPageTestCases -->
