<?xml version="1.0" encoding="UTF-8"?>
<!-- Generated by org.testng.reporters.JUnitReportReporter -->
<testsuite hostname="Gaurav" name="com.Freecharge.testcases.HomePageTestCases" tests="1" failures="0" timestamp="22 Mar 2017 06:15:27 GMT" time="26.364" errors="0">
  <testcase name="rechargeInitiate" time="26.364" classname="com.Freecharge.testcases.HomePageTestCases"/>
</testsuite> <!-- com.Freecharge.testcases.HomePageTestCases -->
