<?xml version="1.0" encoding="UTF-8"?>
<!-- Generated by org.testng.reporters.JUnitReportReporter -->
<testsuite hostname="Gaurav" name="com.toolsqa.testcases.AutomationPracticeSwitchWindowPage" tests="2" failures="0" timestamp="29 Apr 2017 14:59:23 GMT" time="80.119" errors="0">
  <testcase name="verifyAllBrands" time="30.631" classname="com.toolsqa.testcases.AutomationPracticeSwitchWindowPage"/>
  <testcase name="acceptAlert" time="49.488" classname="com.toolsqa.testcases.AutomationPracticeSwitchWindowPage"/>
</testsuite> <!-- com.toolsqa.testcases.AutomationPracticeSwitchWindowPage -->
