<?xml version="1.0" encoding="UTF-8"?>
<!-- Generated by org.testng.reporters.JUnitReportReporter -->
<testsuite hostname="Gaurav" name="com.DragNDrop.testcases.DroppablePageTestCases" tests="1" failures="0" timestamp="14 Apr 2017 15:50:49 GMT" time="22.008" errors="0">
  <testcase name="contextClickUndo" time="22.008" classname="com.DragNDrop.testcases.DroppablePageTestCases"/>
</testsuite> <!-- com.DragNDrop.testcases.DroppablePageTestCases -->
