<?xml version="1.0" encoding="UTF-8"?>
<!-- Generated by org.testng.reporters.JUnitReportReporter -->
<testsuite hostname="Gaurav" name="com.Google.testcases.GooglePageTestCases" tests="1" failures="0" timestamp="26 Apr 2017 17:13:44 GMT" time="34.300" errors="0">
  <testcase name="contextClickUndo" time="34.300" classname="com.Google.testcases.GooglePageTestCases"/>
</testsuite> <!-- com.Google.testcases.GooglePageTestCases -->
