<?xml version="1.0" encoding="UTF-8"?>
<!-- Generated by org.testng.reporters.JUnitReportReporter -->
<testsuite hostname="Gaurav" name="com.demoqa.testcases.DraggablePageTestCases" tests="1" failures="0" timestamp="29 Apr 2017 17:07:05 GMT" time="31.456" errors="0">
  <testcase name="randomDrag" time="31.456" classname="com.demoqa.testcases.DraggablePageTestCases"/>
</testsuite> <!-- com.demoqa.testcases.DraggablePageTestCases -->
