<?xml version="1.0" encoding="UTF-8"?>
<!-- Generated by org.testng.reporters.JUnitReportReporter -->
<testsuite hostname="Gaurav" name="com.toolsqa.testcases.AutomationPracticeSwitchWindowPage" tests="1" failures="0" timestamp="18 Mar 2017 12:56:33 GMT" time="14.420" errors="0">
  <testcase name="acceptAlert" time="14.420" classname="com.toolsqa.testcases.AutomationPracticeSwitchWindowPage"/>
</testsuite> <!-- com.toolsqa.testcases.AutomationPracticeSwitchWindowPage -->
